-------------------------------------------------------------------------------
Test set: com.example.apiwebapp.ApiWebappApplicationTests
-------------------------------------------------------------------------------
Tests run: 1, Failures: 0, Errors: 1, Skipped: 0, Time elapsed: 0.388 s <<< FAILURE! - in com.example.apiwebapp.ApiWebappApplicationTests
initializationError(com.example.apiwebapp.ApiWebappApplicationTests)  Time elapsed: 0.001 s  <<< ERROR!
java.lang.ExceptionInInitializerError
Caused by: java.lang.IllegalStateException: SpringJUnit4ClassRunner requires JUnit 4.12 or higher.

